SCUBA, Version Diamond (64-bit) 3.9.0.99.2
Tue Jan 23 07:13:28 2018
  
Copyright (c) 1991-1994 by NeoCAD Inc. All rights reserved.
Copyright (c) 1995 AT&T Corp.   All rights reserved.
Copyright (c) 1995-2001 Lucent Technologies Inc.  All rights reserved.
Copyright (c) 2001 Agere Systems   All rights reserved.
Copyright (c) 2002-2017 Lattice Semiconductor Corporation,  All rights reserved.
  
BEGIN SCUBA Module Synthesis
  
    Issued command   : C:\lscc\diamond\3.9_x64\ispfpga\bin\nt64\scuba.exe -w -n ROM41C -lang vhdl -synth synplify -bus_exp 7 -bb -arch xo2c00 -type romblk -device LCMXO2-7000HE -addr_width 14 -data_width 10 -num_words 12288 -cascade -1 -memfile c:/02_elektronik/089_hpcalcs/02_nut/02_roms/rom41c.bin -memformat hex 
    Circuit name     : ROM41C
    Module type      : EBR_ROM
    Module Version   : 5.4
    Ports            : 
    Inputs       : Address[13:0], OutClock, OutClockEn, Reset
    Outputs      : Q[9:0]
    I/O buffer       : not inserted
    Memory file      : c:/02_elektronik/089_hpcalcs/02_nut/02_roms/rom41c.bin
    EDIF output      : ROM41C.edn
    VHDL output      : ROM41C.vhd
    VHDL template    : ROM41C_tmpl.vhd
    VHDL testbench   : tb_ROM41C_tmpl.vhd
    VHDL purpose     : for synthesis and simulation
    Bus notation     : big endian
    Report output    : ROM41C.srp
    Estimated Resource Usage:
            LUT : 10
            EBR : 15
            Reg : 1
  
END   SCUBA Module Synthesis

